Created by PLY version 3.11 (http://www.dabeaz.com/ply)

Unused terminals:

    TOKEN_NO_VALIDO

Grammar

Rule 0     S' -> ciclo_for
Rule 1     ciclo_for -> RESERVADA PARENTESIS_APERTURA RESERVADA PALABRA_i IGUAL NUMERO PUNTO_Y_COMA PALABRA_i MENOR_QUE IGUAL NUMERO PUNTO_Y_COMA PALABRA_i INCREMENTO PARENTESIS_CIERRE CORCHETE_APERTURA instrucciones CORCHETE_CIERRE
Rule 2     instrucciones -> RESERVADA PUNTO RESERVADA PUNTO RESERVADA PARENTESIS_APERTURA COMILLA RESERVADA DOS_PUNTOS COMILLA MAS PALABRA_i PARENTESIS_CIERRE PUNTO_Y_COMA

Terminals, with rules where they appear

COMILLA              : 2 2
CORCHETE_APERTURA    : 1
CORCHETE_CIERRE      : 1
DOS_PUNTOS           : 2
IGUAL                : 1 1
INCREMENTO           : 1
MAS                  : 2
MENOR_QUE            : 1
NUMERO               : 1 1
PALABRA_i            : 1 1 1 2
PARENTESIS_APERTURA  : 1 2
PARENTESIS_CIERRE    : 1 2
PUNTO                : 2 2
PUNTO_Y_COMA         : 1 1 2
RESERVADA            : 1 1 2 2 2 2
TOKEN_NO_VALIDO      : 
error                : 

Nonterminals, with rules where they appear

ciclo_for            : 0
instrucciones        : 1

Parsing method: LALR

state 0

    (0) S' -> . ciclo_for
    (1) ciclo_for -> . RESERVADA PARENTESIS_APERTURA RESERVADA PALABRA_i IGUAL NUMERO PUNTO_Y_COMA PALABRA_i MENOR_QUE IGUAL NUMERO PUNTO_Y_COMA PALABRA_i INCREMENTO PARENTESIS_CIERRE CORCHETE_APERTURA instrucciones CORCHETE_CIERRE

    RESERVADA       shift and go to state 2

    ciclo_for                      shift and go to state 1

state 1

    (0) S' -> ciclo_for .



state 2

    (1) ciclo_for -> RESERVADA . PARENTESIS_APERTURA RESERVADA PALABRA_i IGUAL NUMERO PUNTO_Y_COMA PALABRA_i MENOR_QUE IGUAL NUMERO PUNTO_Y_COMA PALABRA_i INCREMENTO PARENTESIS_CIERRE CORCHETE_APERTURA instrucciones CORCHETE_CIERRE

    PARENTESIS_APERTURA shift and go to state 3


state 3

    (1) ciclo_for -> RESERVADA PARENTESIS_APERTURA . RESERVADA PALABRA_i IGUAL NUMERO PUNTO_Y_COMA PALABRA_i MENOR_QUE IGUAL NUMERO PUNTO_Y_COMA PALABRA_i INCREMENTO PARENTESIS_CIERRE CORCHETE_APERTURA instrucciones CORCHETE_CIERRE

    RESERVADA       shift and go to state 4


state 4

    (1) ciclo_for -> RESERVADA PARENTESIS_APERTURA RESERVADA . PALABRA_i IGUAL NUMERO PUNTO_Y_COMA PALABRA_i MENOR_QUE IGUAL NUMERO PUNTO_Y_COMA PALABRA_i INCREMENTO PARENTESIS_CIERRE CORCHETE_APERTURA instrucciones CORCHETE_CIERRE

    PALABRA_i       shift and go to state 5


state 5

    (1) ciclo_for -> RESERVADA PARENTESIS_APERTURA RESERVADA PALABRA_i . IGUAL NUMERO PUNTO_Y_COMA PALABRA_i MENOR_QUE IGUAL NUMERO PUNTO_Y_COMA PALABRA_i INCREMENTO PARENTESIS_CIERRE CORCHETE_APERTURA instrucciones CORCHETE_CIERRE

    IGUAL           shift and go to state 6


state 6

    (1) ciclo_for -> RESERVADA PARENTESIS_APERTURA RESERVADA PALABRA_i IGUAL . NUMERO PUNTO_Y_COMA PALABRA_i MENOR_QUE IGUAL NUMERO PUNTO_Y_COMA PALABRA_i INCREMENTO PARENTESIS_CIERRE CORCHETE_APERTURA instrucciones CORCHETE_CIERRE

    NUMERO          shift and go to state 7


state 7

    (1) ciclo_for -> RESERVADA PARENTESIS_APERTURA RESERVADA PALABRA_i IGUAL NUMERO . PUNTO_Y_COMA PALABRA_i MENOR_QUE IGUAL NUMERO PUNTO_Y_COMA PALABRA_i INCREMENTO PARENTESIS_CIERRE CORCHETE_APERTURA instrucciones CORCHETE_CIERRE

    PUNTO_Y_COMA    shift and go to state 8


state 8

    (1) ciclo_for -> RESERVADA PARENTESIS_APERTURA RESERVADA PALABRA_i IGUAL NUMERO PUNTO_Y_COMA . PALABRA_i MENOR_QUE IGUAL NUMERO PUNTO_Y_COMA PALABRA_i INCREMENTO PARENTESIS_CIERRE CORCHETE_APERTURA instrucciones CORCHETE_CIERRE

    PALABRA_i       shift and go to state 9


state 9

    (1) ciclo_for -> RESERVADA PARENTESIS_APERTURA RESERVADA PALABRA_i IGUAL NUMERO PUNTO_Y_COMA PALABRA_i . MENOR_QUE IGUAL NUMERO PUNTO_Y_COMA PALABRA_i INCREMENTO PARENTESIS_CIERRE CORCHETE_APERTURA instrucciones CORCHETE_CIERRE

    MENOR_QUE       shift and go to state 10


state 10

    (1) ciclo_for -> RESERVADA PARENTESIS_APERTURA RESERVADA PALABRA_i IGUAL NUMERO PUNTO_Y_COMA PALABRA_i MENOR_QUE . IGUAL NUMERO PUNTO_Y_COMA PALABRA_i INCREMENTO PARENTESIS_CIERRE CORCHETE_APERTURA instrucciones CORCHETE_CIERRE

    IGUAL           shift and go to state 11


state 11

    (1) ciclo_for -> RESERVADA PARENTESIS_APERTURA RESERVADA PALABRA_i IGUAL NUMERO PUNTO_Y_COMA PALABRA_i MENOR_QUE IGUAL . NUMERO PUNTO_Y_COMA PALABRA_i INCREMENTO PARENTESIS_CIERRE CORCHETE_APERTURA instrucciones CORCHETE_CIERRE

    NUMERO          shift and go to state 12


state 12

    (1) ciclo_for -> RESERVADA PARENTESIS_APERTURA RESERVADA PALABRA_i IGUAL NUMERO PUNTO_Y_COMA PALABRA_i MENOR_QUE IGUAL NUMERO . PUNTO_Y_COMA PALABRA_i INCREMENTO PARENTESIS_CIERRE CORCHETE_APERTURA instrucciones CORCHETE_CIERRE

    PUNTO_Y_COMA    shift and go to state 13


state 13

    (1) ciclo_for -> RESERVADA PARENTESIS_APERTURA RESERVADA PALABRA_i IGUAL NUMERO PUNTO_Y_COMA PALABRA_i MENOR_QUE IGUAL NUMERO PUNTO_Y_COMA . PALABRA_i INCREMENTO PARENTESIS_CIERRE CORCHETE_APERTURA instrucciones CORCHETE_CIERRE

    PALABRA_i       shift and go to state 14


state 14

    (1) ciclo_for -> RESERVADA PARENTESIS_APERTURA RESERVADA PALABRA_i IGUAL NUMERO PUNTO_Y_COMA PALABRA_i MENOR_QUE IGUAL NUMERO PUNTO_Y_COMA PALABRA_i . INCREMENTO PARENTESIS_CIERRE CORCHETE_APERTURA instrucciones CORCHETE_CIERRE

    INCREMENTO      shift and go to state 15


state 15

    (1) ciclo_for -> RESERVADA PARENTESIS_APERTURA RESERVADA PALABRA_i IGUAL NUMERO PUNTO_Y_COMA PALABRA_i MENOR_QUE IGUAL NUMERO PUNTO_Y_COMA PALABRA_i INCREMENTO . PARENTESIS_CIERRE CORCHETE_APERTURA instrucciones CORCHETE_CIERRE

    PARENTESIS_CIERRE shift and go to state 16


state 16

    (1) ciclo_for -> RESERVADA PARENTESIS_APERTURA RESERVADA PALABRA_i IGUAL NUMERO PUNTO_Y_COMA PALABRA_i MENOR_QUE IGUAL NUMERO PUNTO_Y_COMA PALABRA_i INCREMENTO PARENTESIS_CIERRE . CORCHETE_APERTURA instrucciones CORCHETE_CIERRE

    CORCHETE_APERTURA shift and go to state 17


state 17

    (1) ciclo_for -> RESERVADA PARENTESIS_APERTURA RESERVADA PALABRA_i IGUAL NUMERO PUNTO_Y_COMA PALABRA_i MENOR_QUE IGUAL NUMERO PUNTO_Y_COMA PALABRA_i INCREMENTO PARENTESIS_CIERRE CORCHETE_APERTURA . instrucciones CORCHETE_CIERRE
    (2) instrucciones -> . RESERVADA PUNTO RESERVADA PUNTO RESERVADA PARENTESIS_APERTURA COMILLA RESERVADA DOS_PUNTOS COMILLA MAS PALABRA_i PARENTESIS_CIERRE PUNTO_Y_COMA

    RESERVADA       shift and go to state 18

    instrucciones                  shift and go to state 19

state 18

    (2) instrucciones -> RESERVADA . PUNTO RESERVADA PUNTO RESERVADA PARENTESIS_APERTURA COMILLA RESERVADA DOS_PUNTOS COMILLA MAS PALABRA_i PARENTESIS_CIERRE PUNTO_Y_COMA

    PUNTO           shift and go to state 20


state 19

    (1) ciclo_for -> RESERVADA PARENTESIS_APERTURA RESERVADA PALABRA_i IGUAL NUMERO PUNTO_Y_COMA PALABRA_i MENOR_QUE IGUAL NUMERO PUNTO_Y_COMA PALABRA_i INCREMENTO PARENTESIS_CIERRE CORCHETE_APERTURA instrucciones . CORCHETE_CIERRE

    CORCHETE_CIERRE shift and go to state 21


state 20

    (2) instrucciones -> RESERVADA PUNTO . RESERVADA PUNTO RESERVADA PARENTESIS_APERTURA COMILLA RESERVADA DOS_PUNTOS COMILLA MAS PALABRA_i PARENTESIS_CIERRE PUNTO_Y_COMA

    RESERVADA       shift and go to state 22


state 21

    (1) ciclo_for -> RESERVADA PARENTESIS_APERTURA RESERVADA PALABRA_i IGUAL NUMERO PUNTO_Y_COMA PALABRA_i MENOR_QUE IGUAL NUMERO PUNTO_Y_COMA PALABRA_i INCREMENTO PARENTESIS_CIERRE CORCHETE_APERTURA instrucciones CORCHETE_CIERRE .

    $end            reduce using rule 1 (ciclo_for -> RESERVADA PARENTESIS_APERTURA RESERVADA PALABRA_i IGUAL NUMERO PUNTO_Y_COMA PALABRA_i MENOR_QUE IGUAL NUMERO PUNTO_Y_COMA PALABRA_i INCREMENTO PARENTESIS_CIERRE CORCHETE_APERTURA instrucciones CORCHETE_CIERRE .)


state 22

    (2) instrucciones -> RESERVADA PUNTO RESERVADA . PUNTO RESERVADA PARENTESIS_APERTURA COMILLA RESERVADA DOS_PUNTOS COMILLA MAS PALABRA_i PARENTESIS_CIERRE PUNTO_Y_COMA

    PUNTO           shift and go to state 23


state 23

    (2) instrucciones -> RESERVADA PUNTO RESERVADA PUNTO . RESERVADA PARENTESIS_APERTURA COMILLA RESERVADA DOS_PUNTOS COMILLA MAS PALABRA_i PARENTESIS_CIERRE PUNTO_Y_COMA

    RESERVADA       shift and go to state 24


state 24

    (2) instrucciones -> RESERVADA PUNTO RESERVADA PUNTO RESERVADA . PARENTESIS_APERTURA COMILLA RESERVADA DOS_PUNTOS COMILLA MAS PALABRA_i PARENTESIS_CIERRE PUNTO_Y_COMA

    PARENTESIS_APERTURA shift and go to state 25


state 25

    (2) instrucciones -> RESERVADA PUNTO RESERVADA PUNTO RESERVADA PARENTESIS_APERTURA . COMILLA RESERVADA DOS_PUNTOS COMILLA MAS PALABRA_i PARENTESIS_CIERRE PUNTO_Y_COMA

    COMILLA         shift and go to state 26


state 26

    (2) instrucciones -> RESERVADA PUNTO RESERVADA PUNTO RESERVADA PARENTESIS_APERTURA COMILLA . RESERVADA DOS_PUNTOS COMILLA MAS PALABRA_i PARENTESIS_CIERRE PUNTO_Y_COMA

    RESERVADA       shift and go to state 27


state 27

    (2) instrucciones -> RESERVADA PUNTO RESERVADA PUNTO RESERVADA PARENTESIS_APERTURA COMILLA RESERVADA . DOS_PUNTOS COMILLA MAS PALABRA_i PARENTESIS_CIERRE PUNTO_Y_COMA

    DOS_PUNTOS      shift and go to state 28


state 28

    (2) instrucciones -> RESERVADA PUNTO RESERVADA PUNTO RESERVADA PARENTESIS_APERTURA COMILLA RESERVADA DOS_PUNTOS . COMILLA MAS PALABRA_i PARENTESIS_CIERRE PUNTO_Y_COMA

    COMILLA         shift and go to state 29


state 29

    (2) instrucciones -> RESERVADA PUNTO RESERVADA PUNTO RESERVADA PARENTESIS_APERTURA COMILLA RESERVADA DOS_PUNTOS COMILLA . MAS PALABRA_i PARENTESIS_CIERRE PUNTO_Y_COMA

    MAS             shift and go to state 30


state 30

    (2) instrucciones -> RESERVADA PUNTO RESERVADA PUNTO RESERVADA PARENTESIS_APERTURA COMILLA RESERVADA DOS_PUNTOS COMILLA MAS . PALABRA_i PARENTESIS_CIERRE PUNTO_Y_COMA

    PALABRA_i       shift and go to state 31


state 31

    (2) instrucciones -> RESERVADA PUNTO RESERVADA PUNTO RESERVADA PARENTESIS_APERTURA COMILLA RESERVADA DOS_PUNTOS COMILLA MAS PALABRA_i . PARENTESIS_CIERRE PUNTO_Y_COMA

    PARENTESIS_CIERRE shift and go to state 32


state 32

    (2) instrucciones -> RESERVADA PUNTO RESERVADA PUNTO RESERVADA PARENTESIS_APERTURA COMILLA RESERVADA DOS_PUNTOS COMILLA MAS PALABRA_i PARENTESIS_CIERRE . PUNTO_Y_COMA

    PUNTO_Y_COMA    shift and go to state 33


state 33

    (2) instrucciones -> RESERVADA PUNTO RESERVADA PUNTO RESERVADA PARENTESIS_APERTURA COMILLA RESERVADA DOS_PUNTOS COMILLA MAS PALABRA_i PARENTESIS_CIERRE PUNTO_Y_COMA .

    CORCHETE_CIERRE reduce using rule 2 (instrucciones -> RESERVADA PUNTO RESERVADA PUNTO RESERVADA PARENTESIS_APERTURA COMILLA RESERVADA DOS_PUNTOS COMILLA MAS PALABRA_i PARENTESIS_CIERRE PUNTO_Y_COMA .)

